2025-12-04T17:12:56.656+02:00  INFO 14852 --- [ribbony] [main] com.ribbony.ribbony.RibbonyApplication   : Starting RibbonyApplication using Java 21.0.4 with PID 14852 (C:\Users\DELL\Ribbony\Backend\ribbony\target\classes started by DELL in C:\Users\DELL\Ribbony\backend\ribbony)
2025-12-04T17:12:56.659+02:00  INFO 14852 --- [ribbony] [main] com.ribbony.ribbony.RibbonyApplication   : No active profile set, falling back to 1 default profile: "default"
2025-12-04T17:12:57.318+02:00  INFO 14852 --- [ribbony] [main] .s.d.r.c.RepositoryConfigurationDelegate : Bootstrapping Spring Data JPA repositories in DEFAULT mode.
2025-12-04T17:12:57.383+02:00  INFO 14852 --- [ribbony] [main] .s.d.r.c.RepositoryConfigurationDelegate : Finished Spring Data repository scanning in 58 ms. Found 4 JPA repository interfaces.
2025-12-04T17:12:58.030+02:00  INFO 14852 --- [ribbony] [main] o.s.b.w.embedded.tomcat.TomcatWebServer  : Tomcat initialized with port 9090 (http)
2025-12-04T17:12:58.045+02:00  INFO 14852 --- [ribbony] [main] o.apache.catalina.core.StandardService   : Starting service [Tomcat]
2025-12-04T17:12:58.046+02:00  INFO 14852 --- [ribbony] [main] o.apache.catalina.core.StandardEngine    : Starting Servlet engine: [Apache Tomcat/10.1.49]
2025-12-04T17:12:58.115+02:00  INFO 14852 --- [ribbony] [main] o.a.c.c.C.[Tomcat].[localhost].[/]       : Initializing Spring embedded WebApplicationContext
2025-12-04T17:12:58.116+02:00  INFO 14852 --- [ribbony] [main] w.s.c.ServletWebServerApplicationContext : Root WebApplicationContext: initialization completed in 1412 ms
2025-12-04T17:12:58.287+02:00  INFO 14852 --- [ribbony] [main] o.hibernate.jpa.internal.util.LogHelper  : HHH000204: Processing PersistenceUnitInfo [name: default]
2025-12-04T17:12:58.355+02:00  INFO 14852 --- [ribbony] [main] org.hibernate.Version                    : HHH000412: Hibernate ORM core version 6.6.36.Final
2025-12-04T17:12:58.388+02:00  INFO 14852 --- [ribbony] [main] o.h.c.internal.RegionFactoryInitiator    : HHH000026: Second-level cache disabled
2025-12-04T17:12:58.668+02:00  INFO 14852 --- [ribbony] [main] o.s.o.j.p.SpringPersistenceUnitInfo      : No LoadTimeWeaver setup: ignoring JPA class transformer
2025-12-04T17:12:58.697+02:00  INFO 14852 --- [ribbony] [main] com.zaxxer.hikari.HikariDataSource       : HikariPool-1 - Starting...
2025-12-04T17:12:58.920+02:00  INFO 14852 --- [ribbony] [main] com.zaxxer.hikari.pool.HikariPool        : HikariPool-1 - Added connection org.postgresql.jdbc.PgConnection@22aefae0
2025-12-04T17:12:58.922+02:00  INFO 14852 --- [ribbony] [main] com.zaxxer.hikari.HikariDataSource       : HikariPool-1 - Start completed.
2025-12-04T17:12:58.980+02:00  WARN 14852 --- [ribbony] [main] org.hibernate.orm.deprecation            : HHH90000025: PostgreSQLDialect does not need to be specified explicitly using 'hibernate.dialect' (remove the property setting and it will be selected by default)
2025-12-04T17:12:58.996+02:00  INFO 14852 --- [ribbony] [main] org.hibernate.orm.connections.pooling    : HHH10001005: Database info:
	Database JDBC URL [Connecting through datasource 'HikariDataSource (HikariPool-1)']
	Database driver: undefined/unknown
	Database version: 18.1
	Autocommit mode: undefined/unknown
	Isolation level: undefined/unknown
	Minimum pool size: undefined/unknown
	Maximum pool size: undefined/unknown
2025-12-04T17:12:59.866+02:00  INFO 14852 --- [ribbony] [main] o.h.e.t.j.p.i.JtaPlatformInitiator       : HHH000489: No JTA platform available (set 'hibernate.transaction.jta.platform' to enable JTA platform integration)
2025-12-04T17:12:59.991+02:00  INFO 14852 --- [ribbony] [main] j.LocalContainerEntityManagerFactoryBean : Initialized JPA EntityManagerFactory for persistence unit 'default'
2025-12-04T17:13:00.383+02:00  INFO 14852 --- [ribbony] [main] r$InitializeUserDetailsManagerConfigurer : Global AuthenticationManager configured with UserDetailsService bean with name userDetailsServiceImpl
2025-12-04T17:13:00.400+02:00  WARN 14852 --- [ribbony] [main] JpaBaseConfiguration$JpaWebConfiguration : spring.jpa.open-in-view is enabled by default. Therefore, database queries may be performed during view rendering. Explicitly configure spring.jpa.open-in-view to disable this warning
2025-12-04T17:13:00.947+02:00  INFO 14852 --- [ribbony] [main] o.s.b.w.embedded.tomcat.TomcatWebServer  : Tomcat started on port 9090 (http) with context path '/'
2025-12-04T17:13:00.953+02:00  INFO 14852 --- [ribbony] [main] com.ribbony.ribbony.RibbonyApplication   : Started RibbonyApplication in 4.711 seconds (process running for 5.021)
2025-12-04T17:14:05.186+02:00  INFO 14852 --- [ribbony] [http-nio-9090-exec-1] o.a.c.c.C.[Tomcat].[localhost].[/]       : Initializing Spring DispatcherServlet 'dispatcherServlet'
2025-12-04T17:14:05.187+02:00  INFO 14852 --- [ribbony] [http-nio-9090-exec-1] o.s.web.servlet.DispatcherServlet        : Initializing Servlet 'dispatcherServlet'
2025-12-04T17:14:05.188+02:00  INFO 14852 --- [ribbony] [http-nio-9090-exec-1] o.s.web.servlet.DispatcherServlet        : Completed initialization in 1 ms
2025-12-04T17:14:05.305+02:00  INFO 14852 --- [ribbony] [http-nio-9090-exec-1] c.r.r.M.S.AOP.LoggingAspect              : ENTER: AuthController.login(..) - args: [LoginRequest(email=robaahmed722@gmail.com, password=****), org.springframework.validation.BeanPropertyBindingResult: 0 errors]
2025-12-04T17:14:05.305+02:00  INFO 14852 --- [ribbony] [http-nio-9090-exec-1] c.r.r.M.S.AOP.LoggingAspect              : ENTER: AuthService.login(..) - args: [LoginRequest(email=robaahmed722@gmail.com, password=****)]
2025-12-04T17:14:05.547+02:00  INFO 14852 --- [ribbony] [http-nio-9090-exec-1] c.r.r.M.S.AOP.LoggingAspect              : ENTER: JwtService.generateToken(..) - args: [robaahmed722@gmail.com]
2025-12-04T17:14:05.583+02:00  INFO 14852 --- [ribbony] [http-nio-9090-exec-1] c.r.r.M.S.AOP.LoggingAspect              : ⬅ EXIT: JwtService.generateToken(..) - return: eyJhbGciOiJIUzI1NiJ9.eyJzdWIiOiJyb2JhYWhtZWQ3MjJAZ21haWwuY29tIiwiaWF0IjoxNzY0ODYxMjQ1LCJleHAiOjE3NjQ4NjQ4NDV9.iOesWxz8aVCUHiVR8J5PD6r-8Y6F9tBTvJTMmPR0zrU
2025-12-04T17:14:05.586+02:00  INFO 14852 --- [ribbony] [http-nio-9090-exec-1] c.r.r.M.S.AOP.LoggingAspect              : ⬅ EXIT: AuthService.login(..) - return: AuthResponse(token=****, id=1, role=ADMIN)
2025-12-04T17:14:05.589+02:00  INFO 14852 --- [ribbony] [http-nio-9090-exec-1] c.r.r.M.S.AOP.LoggingAspect              : ⬅ EXIT: AuthController.login(..) - return: <200 OK OK,AuthResponse(token=****, id=1, role=ADMIN),[]>
2025-12-04T17:26:33.463+02:00  INFO 14852 --- [ribbony] [http-nio-9090-exec-6] c.r.r.M.S.AOP.LoggingAspect              : ENTER: AuthController.login(..) - args: [LoginRequest(email=robaahmed722@gmail.com, password=****), org.springframework.validation.BeanPropertyBindingResult: 0 errors]
2025-12-04T17:26:33.468+02:00  INFO 14852 --- [ribbony] [http-nio-9090-exec-6] c.r.r.M.S.AOP.LoggingAspect              : ENTER: AuthService.login(..) - args: [LoginRequest(email=robaahmed722@gmail.com, password=****)]
2025-12-04T17:26:33.610+02:00  INFO 14852 --- [ribbony] [http-nio-9090-exec-6] c.r.r.M.S.AOP.LoggingAspect              : ENTER: JwtService.generateToken(..) - args: [robaahmed722@gmail.com]
2025-12-04T17:26:33.622+02:00  INFO 14852 --- [ribbony] [http-nio-9090-exec-6] c.r.r.M.S.AOP.LoggingAspect              : ⬅ EXIT: JwtService.generateToken(..) - return: eyJhbGciOiJIUzI1NiJ9.eyJzdWIiOiJyb2JhYWhtZWQ3MjJAZ21haWwuY29tIiwiaWF0IjoxNzY0ODYxOTkzLCJleHAiOjE3NjQ4NjU1OTN9.jSpeZfdxj2JrjcM7I9Mz-3OrUqBjGXFa70qwMg83QnE
2025-12-04T17:26:33.623+02:00  INFO 14852 --- [ribbony] [http-nio-9090-exec-6] c.r.r.M.S.AOP.LoggingAspect              : ⬅ EXIT: AuthService.login(..) - return: AuthResponse(token=****, id=1, role=ADMIN)
2025-12-04T17:26:33.625+02:00  INFO 14852 --- [ribbony] [http-nio-9090-exec-6] c.r.r.M.S.AOP.LoggingAspect              : ⬅ EXIT: AuthController.login(..) - return: <200 OK OK,AuthResponse(token=****, id=1, role=ADMIN),[]>
2025-12-04T17:29:57.375+02:00  INFO 14852 --- [ribbony] [http-nio-9090-exec-8] c.r.r.M.S.AOP.LoggingAspect              : ENTER: AuthController.login(..) - args: [LoginRequest(email=robaahmed722@gmail.com, password=****), org.springframework.validation.BeanPropertyBindingResult: 0 errors]
2025-12-04T17:29:57.377+02:00  INFO 14852 --- [ribbony] [http-nio-9090-exec-8] c.r.r.M.S.AOP.LoggingAspect              : ENTER: AuthService.login(..) - args: [LoginRequest(email=robaahmed722@gmail.com, password=****)]
2025-12-04T17:29:57.488+02:00  INFO 14852 --- [ribbony] [http-nio-9090-exec-8] c.r.r.M.S.AOP.LoggingAspect              : ENTER: JwtService.generateToken(..) - args: [robaahmed722@gmail.com]
2025-12-04T17:29:57.493+02:00  INFO 14852 --- [ribbony] [http-nio-9090-exec-8] c.r.r.M.S.AOP.LoggingAspect              : ⬅ EXIT: JwtService.generateToken(..) - return: eyJhbGciOiJIUzI1NiJ9.eyJzdWIiOiJyb2JhYWhtZWQ3MjJAZ21haWwuY29tIiwiaWF0IjoxNzY0ODYyMTk3LCJleHAiOjE3NjQ4NjU3OTd9.nmviWi8iZjJr0s0oPqTk4LhnAgl3sPobJttKQ3p_afk
2025-12-04T17:29:57.494+02:00  INFO 14852 --- [ribbony] [http-nio-9090-exec-8] c.r.r.M.S.AOP.LoggingAspect              : ⬅ EXIT: AuthService.login(..) - return: AuthResponse(token=****, id=1, role=ADMIN)
2025-12-04T17:29:57.495+02:00  INFO 14852 --- [ribbony] [http-nio-9090-exec-8] c.r.r.M.S.AOP.LoggingAspect              : ⬅ EXIT: AuthController.login(..) - return: <200 OK OK,AuthResponse(token=****, id=1, role=ADMIN),[]>
2025-12-04T17:35:03.158+02:00  INFO 14852 --- [ribbony] [http-nio-9090-exec-2] c.r.r.M.S.AOP.LoggingAspect              : ENTER: JwtService.extractUsername(..) - args: [eyJhbGciOiJIUzI1NiJ9.eyJzdWIiOiJyb2JhYWhtZWQ3MjJAZ21haWwuY29tIiwiaWF0IjoxNzY0ODYyMTk3LCJleHAiOjE3NjQ4NjU3OTd9.nmviWi8iZjJr0s0oPqTk4LhnAgl3sPobJttKQ3p_afk]
2025-12-04T17:35:03.274+02:00  INFO 14852 --- [ribbony] [http-nio-9090-exec-2] c.r.r.M.S.AOP.LoggingAspect              : ⬅ EXIT: JwtService.extractUsername(..) - return: robaahmed722@gmail.com
2025-12-04T17:35:03.365+02:00  INFO 14852 --- [ribbony] [http-nio-9090-exec-2] c.r.r.M.S.AOP.LoggingAspect              : ENTER: JwtService.validateToken(..) - args: [eyJhbGciOiJIUzI1NiJ9.eyJzdWIiOiJyb2JhYWhtZWQ3MjJAZ21haWwuY29tIiwiaWF0IjoxNzY0ODYyMTk3LCJleHAiOjE3NjQ4NjU3OTd9.nmviWi8iZjJr0s0oPqTk4LhnAgl3sPobJttKQ3p_afk, com.ribbony.ribbony.Modules.AuthModule.security.UserDetailsImpl@1999a107]
2025-12-04T17:35:03.374+02:00  INFO 14852 --- [ribbony] [http-nio-9090-exec-2] c.r.r.M.S.AOP.LoggingAspect              : ⬅ EXIT: JwtService.validateToken(..) - return: true
2025-12-04T17:35:03.382+02:00  WARN 14852 --- [ribbony] [http-nio-9090-exec-2] .w.s.m.s.DefaultHandlerExceptionResolver : Resolved [org.springframework.web.HttpRequestMethodNotSupportedException: Request method 'POST' is not supported]
2025-12-04T17:36:05.513+02:00  INFO 14852 --- [ribbony] [http-nio-9090-exec-9] c.r.r.M.S.AOP.LoggingAspect              : ENTER: JwtService.extractUsername(..) - args: [eyJhbGciOiJIUzI1NiJ9.eyJzdWIiOiJyb2JhYWhtZWQ3MjJAZ21haWwuY29tIiwiaWF0IjoxNzY0ODYyMTk3LCJleHAiOjE3NjQ4NjU3OTd9.nmviWi8iZjJr0s0oPqTk4LhnAgl3sPobJttKQ3p_afk]
2025-12-04T17:36:05.517+02:00  INFO 14852 --- [ribbony] [http-nio-9090-exec-9] c.r.r.M.S.AOP.LoggingAspect              : ⬅ EXIT: JwtService.extractUsername(..) - return: robaahmed722@gmail.com
2025-12-04T17:36:05.525+02:00  INFO 14852 --- [ribbony] [http-nio-9090-exec-9] c.r.r.M.S.AOP.LoggingAspect              : ENTER: JwtService.validateToken(..) - args: [eyJhbGciOiJIUzI1NiJ9.eyJzdWIiOiJyb2JhYWhtZWQ3MjJAZ21haWwuY29tIiwiaWF0IjoxNzY0ODYyMTk3LCJleHAiOjE3NjQ4NjU3OTd9.nmviWi8iZjJr0s0oPqTk4LhnAgl3sPobJttKQ3p_afk, com.ribbony.ribbony.Modules.AuthModule.security.UserDetailsImpl@5402089d]
2025-12-04T17:36:05.531+02:00  INFO 14852 --- [ribbony] [http-nio-9090-exec-9] c.r.r.M.S.AOP.LoggingAspect              : ⬅ EXIT: JwtService.validateToken(..) - return: true
2025-12-04T17:36:05.533+02:00  WARN 14852 --- [ribbony] [http-nio-9090-exec-9] .w.s.m.s.DefaultHandlerExceptionResolver : Resolved [org.springframework.web.HttpRequestMethodNotSupportedException: Request method 'POST' is not supported]
2025-12-04T17:36:26.733+02:00  INFO 14852 --- [ribbony] [http-nio-9090-exec-6] c.r.r.M.S.AOP.LoggingAspect              : ENTER: JwtService.extractUsername(..) - args: [eyJhbGciOiJIUzI1NiJ9.eyJzdWIiOiJyb2JhYWhtZWQ3MjJAZ21haWwuY29tIiwiaWF0IjoxNzY0ODYyMTk3LCJleHAiOjE3NjQ4NjU3OTd9.nmviWi8iZjJr0s0oPqTk4LhnAgl3sPobJttKQ3p_afk]
2025-12-04T17:36:26.736+02:00  INFO 14852 --- [ribbony] [http-nio-9090-exec-6] c.r.r.M.S.AOP.LoggingAspect              : ⬅ EXIT: JwtService.extractUsername(..) - return: robaahmed722@gmail.com
2025-12-04T17:36:26.743+02:00  INFO 14852 --- [ribbony] [http-nio-9090-exec-6] c.r.r.M.S.AOP.LoggingAspect              : ENTER: JwtService.validateToken(..) - args: [eyJhbGciOiJIUzI1NiJ9.eyJzdWIiOiJyb2JhYWhtZWQ3MjJAZ21haWwuY29tIiwiaWF0IjoxNzY0ODYyMTk3LCJleHAiOjE3NjQ4NjU3OTd9.nmviWi8iZjJr0s0oPqTk4LhnAgl3sPobJttKQ3p_afk, com.ribbony.ribbony.Modules.AuthModule.security.UserDetailsImpl@6d01ccca]
2025-12-04T17:36:26.746+02:00  INFO 14852 --- [ribbony] [http-nio-9090-exec-6] c.r.r.M.S.AOP.LoggingAspect              : ⬅ EXIT: JwtService.validateToken(..) - return: true
2025-12-04T17:36:26.748+02:00  WARN 14852 --- [ribbony] [http-nio-9090-exec-6] .w.s.m.s.DefaultHandlerExceptionResolver : Resolved [org.springframework.web.HttpRequestMethodNotSupportedException: Request method 'POST' is not supported]
2025-12-04T17:36:43.987+02:00  INFO 14852 --- [ribbony] [http-nio-9090-exec-5] c.r.r.M.S.AOP.LoggingAspect              : ENTER: JwtService.extractUsername(..) - args: [eyJhbGciOiJIUzI1NiJ9.eyJzdWIiOiJyb2JhYWhtZWQ3MjJAZ21haWwuY29tIiwiaWF0IjoxNzY0ODYyMTk3LCJleHAiOjE3NjQ4NjU3OTd9.nmviWi8iZjJr0s0oPqTk4LhnAgl3sPobJttKQ3p_afk]
2025-12-04T17:36:43.991+02:00  INFO 14852 --- [ribbony] [http-nio-9090-exec-5] c.r.r.M.S.AOP.LoggingAspect              : ⬅ EXIT: JwtService.extractUsername(..) - return: robaahmed722@gmail.com
2025-12-04T17:36:43.996+02:00  INFO 14852 --- [ribbony] [http-nio-9090-exec-5] c.r.r.M.S.AOP.LoggingAspect              : ENTER: JwtService.validateToken(..) - args: [eyJhbGciOiJIUzI1NiJ9.eyJzdWIiOiJyb2JhYWhtZWQ3MjJAZ21haWwuY29tIiwiaWF0IjoxNzY0ODYyMTk3LCJleHAiOjE3NjQ4NjU3OTd9.nmviWi8iZjJr0s0oPqTk4LhnAgl3sPobJttKQ3p_afk, com.ribbony.ribbony.Modules.AuthModule.security.UserDetailsImpl@193a3202]
2025-12-04T17:36:44.000+02:00  INFO 14852 --- [ribbony] [http-nio-9090-exec-5] c.r.r.M.S.AOP.LoggingAspect              : ⬅ EXIT: JwtService.validateToken(..) - return: true
2025-12-04T17:36:44.003+02:00  WARN 14852 --- [ribbony] [http-nio-9090-exec-5] .w.s.m.s.DefaultHandlerExceptionResolver : Resolved [org.springframework.web.HttpRequestMethodNotSupportedException: Request method 'POST' is not supported]
2025-12-04T17:39:08.743+02:00  INFO 14852 --- [ribbony] [http-nio-9090-exec-8] c.r.r.M.S.AOP.LoggingAspect              : ENTER: AuthController.login(..) - args: [LoginRequest(email=robaahmed722@gmail.com, password=****), org.springframework.validation.BeanPropertyBindingResult: 0 errors]
2025-12-04T17:39:08.744+02:00  INFO 14852 --- [ribbony] [http-nio-9090-exec-8] c.r.r.M.S.AOP.LoggingAspect              : ENTER: AuthService.login(..) - args: [LoginRequest(email=robaahmed722@gmail.com, password=****)]
2025-12-04T17:39:08.872+02:00  INFO 14852 --- [ribbony] [http-nio-9090-exec-8] c.r.r.M.S.AOP.LoggingAspect              : ENTER: JwtService.generateToken(..) - args: [robaahmed722@gmail.com]
2025-12-04T17:39:08.876+02:00  INFO 14852 --- [ribbony] [http-nio-9090-exec-8] c.r.r.M.S.AOP.LoggingAspect              : ⬅ EXIT: JwtService.generateToken(..) - return: eyJhbGciOiJIUzI1NiJ9.eyJzdWIiOiJyb2JhYWhtZWQ3MjJAZ21haWwuY29tIiwiaWF0IjoxNzY0ODYyNzQ4LCJleHAiOjE3NjQ4NjYzNDh9.G2Wzr-07FVBDYCZtwv_g5HHtZAjsLXK2qZ35YLXp96Q
2025-12-04T17:39:08.877+02:00  INFO 14852 --- [ribbony] [http-nio-9090-exec-8] c.r.r.M.S.AOP.LoggingAspect              : ⬅ EXIT: AuthService.login(..) - return: AuthResponse(token=****, id=1, role=ADMIN)
2025-12-04T17:39:08.878+02:00  INFO 14852 --- [ribbony] [http-nio-9090-exec-8] c.r.r.M.S.AOP.LoggingAspect              : ⬅ EXIT: AuthController.login(..) - return: <200 OK OK,AuthResponse(token=****, id=1, role=ADMIN),[]>
2025-12-04T17:50:44.620+02:00  INFO 14852 --- [ribbony] [http-nio-9090-exec-1] c.r.r.M.S.AOP.LoggingAspect              : ENTER: JwtService.extractUsername(..) - args: [eyJhbGciOiJIUzI1NiJ9.eyJzdWIiOiJyb2JhYWhtZWQ3MjJAZ21haWwuY29tIiwiaWF0IjoxNzY0ODYyNzQ4LCJleHAiOjE3NjQ4NjYzNDh9.G2Wzr-07FVBDYCZtwv_g5HHtZAjsLXK2qZ35YLXp96Q]
2025-12-04T17:50:44.672+02:00  INFO 14852 --- [ribbony] [http-nio-9090-exec-1] c.r.r.M.S.AOP.LoggingAspect              : ⬅ EXIT: JwtService.extractUsername(..) - return: robaahmed722@gmail.com
2025-12-04T17:50:44.741+02:00  INFO 14852 --- [ribbony] [http-nio-9090-exec-1] c.r.r.M.S.AOP.LoggingAspect              : ENTER: JwtService.validateToken(..) - args: [eyJhbGciOiJIUzI1NiJ9.eyJzdWIiOiJyb2JhYWhtZWQ3MjJAZ21haWwuY29tIiwiaWF0IjoxNzY0ODYyNzQ4LCJleHAiOjE3NjQ4NjYzNDh9.G2Wzr-07FVBDYCZtwv_g5HHtZAjsLXK2qZ35YLXp96Q, com.ribbony.ribbony.Modules.AuthModule.security.UserDetailsImpl@a7a8711]
2025-12-04T17:50:44.747+02:00  INFO 14852 --- [ribbony] [http-nio-9090-exec-1] c.r.r.M.S.AOP.LoggingAspect              : ⬅ EXIT: JwtService.validateToken(..) - return: true
2025-12-04T17:50:44.753+02:00  WARN 14852 --- [ribbony] [http-nio-9090-exec-1] .w.s.m.s.DefaultHandlerExceptionResolver : Resolved [org.springframework.web.HttpRequestMethodNotSupportedException: Request method 'POST' is not supported]
2025-12-04T17:50:56.791+02:00  INFO 14852 --- [ribbony] [http-nio-9090-exec-7] c.r.r.M.S.AOP.LoggingAspect              : ENTER: AuthController.login(..) - args: [LoginRequest(email=robaahmed722@gmail.com, password=****), org.springframework.validation.BeanPropertyBindingResult: 0 errors]
2025-12-04T17:50:56.792+02:00  INFO 14852 --- [ribbony] [http-nio-9090-exec-7] c.r.r.M.S.AOP.LoggingAspect              : ENTER: AuthService.login(..) - args: [LoginRequest(email=robaahmed722@gmail.com, password=****)]
2025-12-04T17:50:56.897+02:00  INFO 14852 --- [ribbony] [http-nio-9090-exec-7] c.r.r.M.S.AOP.LoggingAspect              : ENTER: JwtService.generateToken(..) - args: [robaahmed722@gmail.com]
2025-12-04T17:50:56.903+02:00  INFO 14852 --- [ribbony] [http-nio-9090-exec-7] c.r.r.M.S.AOP.LoggingAspect              : ⬅ EXIT: JwtService.generateToken(..) - return: eyJhbGciOiJIUzI1NiJ9.eyJzdWIiOiJyb2JhYWhtZWQ3MjJAZ21haWwuY29tIiwiaWF0IjoxNzY0ODYzNDU2LCJleHAiOjE3NjQ4NjcwNTZ9.z3pV8wwxloA-4PgbSDy_um-TRJUub8npAN29iG6XSCU
2025-12-04T17:50:56.904+02:00  INFO 14852 --- [ribbony] [http-nio-9090-exec-7] c.r.r.M.S.AOP.LoggingAspect              : ⬅ EXIT: AuthService.login(..) - return: AuthResponse(token=****, id=1, role=ADMIN)
2025-12-04T17:50:56.905+02:00  INFO 14852 --- [ribbony] [http-nio-9090-exec-7] c.r.r.M.S.AOP.LoggingAspect              : ⬅ EXIT: AuthController.login(..) - return: <200 OK OK,AuthResponse(token=****, id=1, role=ADMIN),[]>
2025-12-04T17:51:12.696+02:00  INFO 14852 --- [ribbony] [http-nio-9090-exec-9] c.r.r.M.S.AOP.LoggingAspect              : ENTER: JwtService.extractUsername(..) - args: [eyJhbGciOiJIUzI1NiJ9.eyJzdWIiOiJyb2JhYWhtZWQ3MjJAZ21haWwuY29tIiwiaWF0IjoxNzY0ODYzNDU2LCJleHAiOjE3NjQ4NjcwNTZ9.z3pV8wwxloA-4PgbSDy_um-TRJUub8npAN29iG6XSCU]
2025-12-04T17:51:12.698+02:00  INFO 14852 --- [ribbony] [http-nio-9090-exec-9] c.r.r.M.S.AOP.LoggingAspect              : ⬅ EXIT: JwtService.extractUsername(..) - return: robaahmed722@gmail.com
2025-12-04T17:51:12.704+02:00  INFO 14852 --- [ribbony] [http-nio-9090-exec-9] c.r.r.M.S.AOP.LoggingAspect              : ENTER: JwtService.validateToken(..) - args: [eyJhbGciOiJIUzI1NiJ9.eyJzdWIiOiJyb2JhYWhtZWQ3MjJAZ21haWwuY29tIiwiaWF0IjoxNzY0ODYzNDU2LCJleHAiOjE3NjQ4NjcwNTZ9.z3pV8wwxloA-4PgbSDy_um-TRJUub8npAN29iG6XSCU, com.ribbony.ribbony.Modules.AuthModule.security.UserDetailsImpl@3236c978]
2025-12-04T17:51:12.707+02:00  INFO 14852 --- [ribbony] [http-nio-9090-exec-9] c.r.r.M.S.AOP.LoggingAspect              : ⬅ EXIT: JwtService.validateToken(..) - return: true
2025-12-04T17:51:12.709+02:00  WARN 14852 --- [ribbony] [http-nio-9090-exec-9] .w.s.m.s.DefaultHandlerExceptionResolver : Resolved [org.springframework.web.HttpRequestMethodNotSupportedException: Request method 'POST' is not supported]
2025-12-04T17:57:24.859+02:00  INFO 14852 --- [ribbony] [http-nio-9090-exec-5] c.r.r.M.S.AOP.LoggingAspect              : ENTER: AuthController.login(..) - args: [LoginRequest(email=robaahmed722@gmail.com, password=****), org.springframework.validation.BeanPropertyBindingResult: 0 errors]
2025-12-04T17:57:24.861+02:00  INFO 14852 --- [ribbony] [http-nio-9090-exec-5] c.r.r.M.S.AOP.LoggingAspect              : ENTER: AuthService.login(..) - args: [LoginRequest(email=robaahmed722@gmail.com, password=****)]
2025-12-04T17:57:24.964+02:00  INFO 14852 --- [ribbony] [http-nio-9090-exec-5] c.r.r.M.S.AOP.LoggingAspect              : ENTER: JwtService.generateToken(..) - args: [robaahmed722@gmail.com]
2025-12-04T17:57:24.971+02:00  INFO 14852 --- [ribbony] [http-nio-9090-exec-5] c.r.r.M.S.AOP.LoggingAspect              : ⬅ EXIT: JwtService.generateToken(..) - return: eyJhbGciOiJIUzI1NiJ9.eyJzdWIiOiJyb2JhYWhtZWQ3MjJAZ21haWwuY29tIiwiaWF0IjoxNzY0ODYzODQ0LCJleHAiOjE3NjQ4Njc0NDR9.mb6NkJtV1NeTZqIMwM46buc1SDYxw8RAv-sQAiLG_BE
2025-12-04T17:57:24.972+02:00  INFO 14852 --- [ribbony] [http-nio-9090-exec-5] c.r.r.M.S.AOP.LoggingAspect              : ⬅ EXIT: AuthService.login(..) - return: AuthResponse(token=****, id=1, role=ADMIN)
2025-12-04T17:57:24.973+02:00  INFO 14852 --- [ribbony] [http-nio-9090-exec-5] c.r.r.M.S.AOP.LoggingAspect              : ⬅ EXIT: AuthController.login(..) - return: <200 OK OK,AuthResponse(token=****, id=1, role=ADMIN),[]>
2025-12-04T17:57:41.111+02:00  INFO 14852 --- [ribbony] [http-nio-9090-exec-4] c.r.r.M.S.AOP.LoggingAspect              : ENTER: JwtService.extractUsername(..) - args: [eyJhbGciOiJIUzI1NiJ9.eyJzdWIiOiJyb2JhYWhtZWQ3MjJAZ21haWwuY29tIiwiaWF0IjoxNzY0ODYzODQ0LCJleHAiOjE3NjQ4Njc0NDR9.mb6NkJtV1NeTZqIMwM46buc1SDYxw8RAv-sQAiLG_BE]
2025-12-04T17:57:41.115+02:00  INFO 14852 --- [ribbony] [http-nio-9090-exec-4] c.r.r.M.S.AOP.LoggingAspect              : ⬅ EXIT: JwtService.extractUsername(..) - return: robaahmed722@gmail.com
2025-12-04T17:57:41.120+02:00  INFO 14852 --- [ribbony] [http-nio-9090-exec-4] c.r.r.M.S.AOP.LoggingAspect              : ENTER: JwtService.validateToken(..) - args: [eyJhbGciOiJIUzI1NiJ9.eyJzdWIiOiJyb2JhYWhtZWQ3MjJAZ21haWwuY29tIiwiaWF0IjoxNzY0ODYzODQ0LCJleHAiOjE3NjQ4Njc0NDR9.mb6NkJtV1NeTZqIMwM46buc1SDYxw8RAv-sQAiLG_BE, com.ribbony.ribbony.Modules.AuthModule.security.UserDetailsImpl@16016092]
2025-12-04T17:57:41.124+02:00  INFO 14852 --- [ribbony] [http-nio-9090-exec-4] c.r.r.M.S.AOP.LoggingAspect              : ⬅ EXIT: JwtService.validateToken(..) - return: true
